{"message":{"success":"Professor editado com sucesso"},"level":"info"}
{"message":{"success":"Professor editado com sucesso"},"level":"info"}
{"message":{"success":"Professor editado com sucesso"},"level":"info"}
{"message":{"success":"Professor editado com sucesso"},"level":"info"}
{"message":{"success":"Professor editado com sucesso"},"level":"info"}
{"message":{"success":"Professor editado com sucesso"},"level":"info"}
{"message":{"success":"Professor editado com sucesso"},"level":"info"}
{"message":{"success":"Professor inativo"},"level":"info"}
{"message":{"success":"Estudante editado com sucesso"},"level":"info"}
{"message":{"success":"Estudante editado com sucesso"},"level":"info"}
{"message":{"success":"Estudante Inativo"},"level":"info"}
{"message":{"success":"Estudante editado com sucesso"},"level":"info"}
{"message":{"success":"Estudante editado com sucesso"},"level":"info"}
{"message":{"success":"Estudante editado com sucesso"},"level":"info"}
{"message":{"success":"Estudante editado com sucesso"},"level":"info"}
{"message":{"success":"Estudante editado com sucesso"},"level":"info"}
{"message":{"success":"Estudante editado com sucesso"},"level":"info"}
{"message":{"success":"Estudante editado com sucesso"},"level":"info"}
{"message":{"success":"Responsável registrado com sucesso"},"level":"info"}
{"message":["CPF field must be 11 characters"],"level":"error"}
{"message":{"success":"Estudante registrado com sucesso"},"level":"info"}
{"message":{"success":"Estudante registrado com sucesso"},"level":"info"}
